app/build/outputs/logs/manifest-merger-debug-report.txt
-- Merging decision tree log ---
manifest
ADDED from src/main/AndroidManifest.xml:2:1-35:12
	xmlns:android
		ADDED from src/main/AndroidManifest.xml:2:11-69
	package
		ADDED from src/main/AndroidManifest.xml:3:5-48
		INJECTED from src/main/AndroidManifest.xml
		INJECTED from src/main/AndroidManifest.xml
	android:versionName
		INJECTED from src/main/AndroidManifest.xml
		INJECTED from src/main/AndroidManifest.xml
	android:versionCode
		INJECTED from src/main/AndroidManifest.xml
		INJECTED from src/main/AndroidManifest.xml
uses-permission#android.permission.WRITE_EXTERNAL_STORAGE
ADDED from src/main/AndroidManifest.xml:5:5-81
	android:name
		ADDED from src/main/AndroidManifest.xml:5:22-78
application
ADDED from src/main/AndroidManifest.xml:7:5-33:19
MERGED from [com.android.support:appcompat-v7:23.0.1] AndroidManifest.xml:22:5-20
MERGED from [com.android.support:support-v4:23.0.1] AndroidManifest.xml:22:5-20
	android:supportsRtl
		ADDED from src/main/AndroidManifest.xml:12:9-35
	android:label
		ADDED from src/main/AndroidManifest.xml:11:9-41
	android:allowBackup
		ADDED from src/main/AndroidManifest.xml:9:9-35
	android:icon
		ADDED from src/main/AndroidManifest.xml:10:9-43
	android:theme
		ADDED from src/main/AndroidManifest.xml:13:9-40
	android:name
		ADDED from src/main/AndroidManifest.xml:8:9-45
activity#com.application.parkinsonanalyser.Base
ADDED from src/main/AndroidManifest.xml:14:9-15:20
	android:name
		ADDED from src/main/AndroidManifest.xml:14:19-39
activity#com.application.parkinsonanalyser.Home
ADDED from src/main/AndroidManifest.xml:16:9-22:20
	android:name
		ADDED from src/main/AndroidManifest.xml:16:19-39
intent-filter#android.intent.action.MAIN+android.intent.category.LAUNCHER
ADDED from src/main/AndroidManifest.xml:17:13-21:29
action#android.intent.action.MAIN
ADDED from src/main/AndroidManifest.xml:18:17-69
	android:name
		ADDED from src/main/AndroidManifest.xml:18:25-66
category#android.intent.category.LAUNCHER
ADDED from src/main/AndroidManifest.xml:20:17-77
	android:name
		ADDED from src/main/AndroidManifest.xml:20:27-74
activity#com.application.parkinsonanalyser.TapCount
ADDED from src/main/AndroidManifest.xml:23:9-24:20
	android:name
		ADDED from src/main/AndroidManifest.xml:23:19-43
activity#com.application.parkinsonanalyser.TremorDetect
ADDED from src/main/AndroidManifest.xml:25:9-26:20
	android:name
		ADDED from src/main/AndroidManifest.xml:25:19-47
activity#com.application.parkinsonanalyser.ReactionTest
ADDED from src/main/AndroidManifest.xml:27:9-28:20
	android:name
		ADDED from src/main/AndroidManifest.xml:27:19-47
activity#com.application.parkinsonanalyser.About
ADDED from src/main/AndroidManifest.xml:29:9-30:20
	android:name
		ADDED from src/main/AndroidManifest.xml:29:19-40
activity#com.application.parkinsonanalyser.SessionResult
ADDED from src/main/AndroidManifest.xml:31:9-32:20
	android:name
		ADDED from src/main/AndroidManifest.xml:31:19-48
uses-sdk
INJECTED from src/main/AndroidManifest.xml reason: use-sdk injection requested
MERGED from [com.android.support:appcompat-v7:23.0.1] AndroidManifest.xml:20:5-43
MERGED from [com.android.support:support-v4:23.0.1] AndroidManifest.xml:20:5-43
	android:targetSdkVersion
		INJECTED from src/main/AndroidManifest.xml
		INJECTED from src/main/AndroidManifest.xml
	android:minSdkVersion
		INJECTED from src/main/AndroidManifest.xml
		INJECTED from src/main/AndroidManifest.xml